<?xml version="1.0" encoding="UTF-8"?>
<!-- Generated by org.testng.reporters.JUnitXMLReporter -->
<testsuite ignored="0" hostname="DESKTOP-P9JK9IP" failures="0" tests="5" name="Test" time="51.281" errors="0" timestamp="2022-08-08T00:43:01 IST">
  <testcase classname="com.SauceDemo1.TestPackage.TC04VerifyMultipleBagProduct" name="verifyAllBagProduct" time="0.748"/>
  <testcase classname="com.SauceDemo1.TestPackage.TC02VerifyLogout" name="verifyLogout" time="0.019"/>
  <testcase classname="com.SauceDemo1.TestPackage.TC03VerifyBagProduct" name="verifyBagProduct" time="0.072"/>
  <testcase classname="com.SauceDemo1.TestPackage.TC01VerifyLogin" name="verifyLogin" time="0.028"/>
  <testcase classname="com.SauceDemo1.TestPackage.TC08VerifyFilterList" name="verifyFilter" time="0.156"/>
</testsuite> <!-- Test -->
