<?xml version="1.0" encoding="UTF-8"?>
<testng-results ignored="0" total="5" passed="5" failed="0" skipped="0">
  <reporter-output>
  </reporter-output>
  <suite started-at="2022-08-08T00:42:10 IST" name="Suite" finished-at="2022-08-08T00:43:01 IST" duration-ms="51281">
    <groups>
    </groups>
    <test started-at="2022-08-08T00:42:10 IST" name="Test" finished-at="2022-08-08T00:43:01 IST" duration-ms="51281">
      <class name="com.SauceDemo1.TestPackage.TC02VerifyLogout">
        <test-method is-config="true" signature="setUp(java.lang.String)[pri:0, instance:com.SauceDemo1.TestPackage.TC02VerifyLogout@2fb3536e]" started-at="2022-08-08T00:42:24 IST" name="setUp" finished-at="2022-08-08T00:42:34 IST" duration-ms="9587" status="PASS">
          <params>
            <param index="0">
              <value>
                <![CDATA[chrome]]>
              </value>
            </param>
          </params>
          <reporter-output>
          </reporter-output>
        </test-method> <!-- setUp -->
        <test-method is-config="true" signature="loginActivity()[pri:0, instance:com.SauceDemo1.TestPackage.TC02VerifyLogout@2fb3536e]" started-at="2022-08-08T00:42:34 IST" name="loginActivity" finished-at="2022-08-08T00:42:34 IST" duration-ms="795" status="PASS">
          <reporter-output>
          </reporter-output>
        </test-method> <!-- loginActivity -->
        <test-method signature="verifyLogout()[pri:0, instance:com.SauceDemo1.TestPackage.TC02VerifyLogout@2fb3536e]" started-at="2022-08-08T00:42:34 IST" name="verifyLogout" finished-at="2022-08-08T00:42:34 IST" duration-ms="19" status="PASS">
          <reporter-output>
          </reporter-output>
        </test-method> <!-- verifyLogout -->
        <test-method is-config="true" signature="logOutActivity()[pri:0, instance:com.SauceDemo1.TestPackage.TC02VerifyLogout@2fb3536e]" started-at="2022-08-08T00:42:34 IST" name="logOutActivity" finished-at="2022-08-08T00:42:35 IST" duration-ms="241" status="PASS">
          <reporter-output>
          </reporter-output>
        </test-method> <!-- logOutActivity -->
        <test-method is-config="true" signature="tearDown()[pri:0, instance:com.SauceDemo1.TestPackage.TC02VerifyLogout@2fb3536e]" started-at="2022-08-08T00:42:35 IST" name="tearDown" finished-at="2022-08-08T00:42:35 IST" duration-ms="279" status="PASS">
          <reporter-output>
          </reporter-output>
        </test-method> <!-- tearDown -->
      </class> <!-- com.SauceDemo1.TestPackage.TC02VerifyLogout -->
      <class name="com.SauceDemo1.TestPackage.TC08VerifyFilterList">
        <test-method is-config="true" signature="setUp(java.lang.String)[pri:0, instance:com.SauceDemo1.TestPackage.TC08VerifyFilterList@7205765b]" started-at="2022-08-08T00:42:51 IST" name="setUp" finished-at="2022-08-08T00:43:00 IST" duration-ms="9054" status="PASS">
          <params>
            <param index="0">
              <value>
                <![CDATA[chrome]]>
              </value>
            </param>
          </params>
          <reporter-output>
          </reporter-output>
        </test-method> <!-- setUp -->
        <test-method is-config="true" signature="loginActivity()[pri:0, instance:com.SauceDemo1.TestPackage.TC08VerifyFilterList@7205765b]" started-at="2022-08-08T00:43:00 IST" name="loginActivity" finished-at="2022-08-08T00:43:00 IST" duration-ms="688" status="PASS">
          <reporter-output>
          </reporter-output>
        </test-method> <!-- loginActivity -->
        <test-method signature="verifyFilter()[pri:0, instance:com.SauceDemo1.TestPackage.TC08VerifyFilterList@7205765b]" started-at="2022-08-08T00:43:00 IST" name="verifyFilter" finished-at="2022-08-08T00:43:00 IST" duration-ms="156" status="PASS">
          <reporter-output>
          </reporter-output>
        </test-method> <!-- verifyFilter -->
        <test-method is-config="true" signature="logOutActivity()[pri:0, instance:com.SauceDemo1.TestPackage.TC08VerifyFilterList@7205765b]" started-at="2022-08-08T00:43:00 IST" name="logOutActivity" finished-at="2022-08-08T00:43:01 IST" duration-ms="406" status="PASS">
          <reporter-output>
          </reporter-output>
        </test-method> <!-- logOutActivity -->
        <test-method is-config="true" signature="tearDown()[pri:0, instance:com.SauceDemo1.TestPackage.TC08VerifyFilterList@7205765b]" started-at="2022-08-08T00:43:01 IST" name="tearDown" finished-at="2022-08-08T00:43:01 IST" duration-ms="187" status="PASS">
          <reporter-output>
          </reporter-output>
        </test-method> <!-- tearDown -->
      </class> <!-- com.SauceDemo1.TestPackage.TC08VerifyFilterList -->
      <class name="com.SauceDemo1.TestPackage.TC04VerifyMultipleBagProduct">
        <test-method is-config="true" signature="setUp(java.lang.String)[pri:0, instance:com.SauceDemo1.TestPackage.TC04VerifyMultipleBagProduct@47faa49c]" started-at="2022-08-08T00:42:10 IST" name="setUp" finished-at="2022-08-08T00:42:21 IST" duration-ms="11382" status="PASS">
          <params>
            <param index="0">
              <value>
                <![CDATA[chrome]]>
              </value>
            </param>
          </params>
          <reporter-output>
          </reporter-output>
        </test-method> <!-- setUp -->
        <test-method is-config="true" signature="loginActivity()[pri:0, instance:com.SauceDemo1.TestPackage.TC04VerifyMultipleBagProduct@47faa49c]" started-at="2022-08-08T00:42:21 IST" name="loginActivity" finished-at="2022-08-08T00:42:23 IST" duration-ms="1341" status="PASS">
          <reporter-output>
          </reporter-output>
        </test-method> <!-- loginActivity -->
        <test-method signature="verifyAllBagProduct()[pri:0, instance:com.SauceDemo1.TestPackage.TC04VerifyMultipleBagProduct@47faa49c]" started-at="2022-08-08T00:42:23 IST" name="verifyAllBagProduct" finished-at="2022-08-08T00:42:23 IST" duration-ms="748" status="PASS">
          <reporter-output>
          </reporter-output>
        </test-method> <!-- verifyAllBagProduct -->
        <test-method is-config="true" signature="logOutActivity()[pri:0, instance:com.SauceDemo1.TestPackage.TC04VerifyMultipleBagProduct@47faa49c]" started-at="2022-08-08T00:42:23 IST" name="logOutActivity" finished-at="2022-08-08T00:42:24 IST" duration-ms="231" status="PASS">
          <reporter-output>
          </reporter-output>
        </test-method> <!-- logOutActivity -->
        <test-method is-config="true" signature="tearDown()[pri:0, instance:com.SauceDemo1.TestPackage.TC04VerifyMultipleBagProduct@47faa49c]" started-at="2022-08-08T00:42:24 IST" name="tearDown" finished-at="2022-08-08T00:42:24 IST" duration-ms="411" status="PASS">
          <reporter-output>
          </reporter-output>
        </test-method> <!-- tearDown -->
      </class> <!-- com.SauceDemo1.TestPackage.TC04VerifyMultipleBagProduct -->
      <class name="com.SauceDemo1.TestPackage.TC03VerifyBagProduct">
        <test-method is-config="true" signature="setUp(java.lang.String)[pri:0, instance:com.SauceDemo1.TestPackage.TC03VerifyBagProduct@169e6180]" started-at="2022-08-08T00:42:35 IST" name="setUp" finished-at="2022-08-08T00:42:41 IST" duration-ms="6500" status="PASS">
          <params>
            <param index="0">
              <value>
                <![CDATA[chrome]]>
              </value>
            </param>
          </params>
          <reporter-output>
          </reporter-output>
        </test-method> <!-- setUp -->
        <test-method is-config="true" signature="loginActivity()[pri:0, instance:com.SauceDemo1.TestPackage.TC03VerifyBagProduct@169e6180]" started-at="2022-08-08T00:42:41 IST" name="loginActivity" finished-at="2022-08-08T00:42:42 IST" duration-ms="800" status="PASS">
          <reporter-output>
          </reporter-output>
        </test-method> <!-- loginActivity -->
        <test-method signature="verifyBagProduct()[pri:0, instance:com.SauceDemo1.TestPackage.TC03VerifyBagProduct@169e6180]" started-at="2022-08-08T00:42:42 IST" name="verifyBagProduct" finished-at="2022-08-08T00:42:42 IST" duration-ms="72" status="PASS">
          <reporter-output>
          </reporter-output>
        </test-method> <!-- verifyBagProduct -->
        <test-method is-config="true" signature="logOutActivity()[pri:0, instance:com.SauceDemo1.TestPackage.TC03VerifyBagProduct@169e6180]" started-at="2022-08-08T00:42:42 IST" name="logOutActivity" finished-at="2022-08-08T00:42:43 IST" duration-ms="283" status="PASS">
          <reporter-output>
          </reporter-output>
        </test-method> <!-- logOutActivity -->
        <test-method is-config="true" signature="tearDown()[pri:0, instance:com.SauceDemo1.TestPackage.TC03VerifyBagProduct@169e6180]" started-at="2022-08-08T00:42:43 IST" name="tearDown" finished-at="2022-08-08T00:42:43 IST" duration-ms="305" status="PASS">
          <reporter-output>
          </reporter-output>
        </test-method> <!-- tearDown -->
      </class> <!-- com.SauceDemo1.TestPackage.TC03VerifyBagProduct -->
      <class name="com.SauceDemo1.TestPackage.TC01VerifyLogin">
        <test-method is-config="true" signature="setUp(java.lang.String)[pri:0, instance:com.SauceDemo1.TestPackage.TC01VerifyLogin@35aea049]" started-at="2022-08-08T00:42:43 IST" name="setUp" finished-at="2022-08-08T00:42:49 IST" duration-ms="6169" status="PASS">
          <params>
            <param index="0">
              <value>
                <![CDATA[chrome]]>
              </value>
            </param>
          </params>
          <reporter-output>
          </reporter-output>
        </test-method> <!-- setUp -->
        <test-method is-config="true" signature="loginActivity()[pri:0, instance:com.SauceDemo1.TestPackage.TC01VerifyLogin@35aea049]" started-at="2022-08-08T00:42:49 IST" name="loginActivity" finished-at="2022-08-08T00:42:50 IST" duration-ms="818" status="PASS">
          <reporter-output>
          </reporter-output>
        </test-method> <!-- loginActivity -->
        <test-method signature="verifyLogin()[pri:0, instance:com.SauceDemo1.TestPackage.TC01VerifyLogin@35aea049]" started-at="2022-08-08T00:42:50 IST" name="verifyLogin" finished-at="2022-08-08T00:42:50 IST" duration-ms="28" status="PASS">
          <reporter-output>
          </reporter-output>
        </test-method> <!-- verifyLogin -->
        <test-method is-config="true" signature="logOutActivity()[pri:0, instance:com.SauceDemo1.TestPackage.TC01VerifyLogin@35aea049]" started-at="2022-08-08T00:42:50 IST" name="logOutActivity" finished-at="2022-08-08T00:42:50 IST" duration-ms="538" status="PASS">
          <reporter-output>
          </reporter-output>
        </test-method> <!-- logOutActivity -->
        <test-method is-config="true" signature="tearDown()[pri:0, instance:com.SauceDemo1.TestPackage.TC01VerifyLogin@35aea049]" started-at="2022-08-08T00:42:50 IST" name="tearDown" finished-at="2022-08-08T00:42:51 IST" duration-ms="169" status="PASS">
          <reporter-output>
          </reporter-output>
        </test-method> <!-- tearDown -->
      </class> <!-- com.SauceDemo1.TestPackage.TC01VerifyLogin -->
    </test> <!-- Test -->
  </suite> <!-- Suite -->
</testng-results>
